<?xml version="1.0" encoding="UTF-8"?>
<robot generator="Robot 7.2 (Python 3.10.12 on linux)" generated="2025-01-18T15:17:21.413818" rpa="false" schemaversion="5">
<suite id="s1" name="Home" source="/home/mario/QAx/projects/yodapp-robot/tests/home.robot">
<test id="s1-t1" name="Deve abrir a tela principal" line="7">
<kw name="Open Application" owner="AppiumLibrary">
<arg>http://localhost:4723</arg>
<arg>platformName=Android</arg>
<arg>deviceName=emulator-5554</arg>
<arg>automationName=UiAutomator2</arg>
<arg>app=app/yodapp-beta.apk</arg>
<arg>udid=emulator-5554</arg>
<arg>autoGrantPermissions=true</arg>
<doc>Opens a new application to given Appium server.
Capabilities of appium server, Android and iOS,
Please check https://appium.io/docs/en/2.1/cli/args/
| *Option*            | *Man.* | *Description*     |
| remote_url          | Yes    | Appium server url |
| alias               | no     | alias             |
| strict_ssl          | No     | allows you to send commands to an invalid certificate host like a self-signed one. |</doc>
<status status="PASS" start="2025-01-18T15:17:21.474831" elapsed="4.313370"/>
</kw>
<kw name="Wait Until Page Contains" owner="AppiumLibrary">
<arg>Yodapp</arg>
<doc>Waits until `text` appears on current page.</doc>
<status status="PASS" start="2025-01-18T15:17:25.788619" elapsed="4.929922"/>
</kw>
<kw name="Wait Until Page Contains" owner="AppiumLibrary">
<arg>Mobile Training</arg>
<doc>Waits until `text` appears on current page.</doc>
<status status="PASS" start="2025-01-18T15:17:30.718726" elapsed="0.014171"/>
</kw>
<kw name="Wait Until Page Contains" owner="AppiumLibrary">
<arg>by Papito</arg>
<doc>Waits until `text` appears on current page.</doc>
<status status="PASS" start="2025-01-18T15:17:30.733113" elapsed="0.014870"/>
</kw>
<kw name="Close Application" owner="AppiumLibrary">
<doc>Closes the current application and also close webdriver session.</doc>
<status status="PASS" start="2025-01-18T15:17:30.748177" elapsed="0.202930"/>
</kw>
<status status="PASS" start="2025-01-18T15:17:21.474242" elapsed="9.477178"/>
</test>
<status status="PASS" start="2025-01-18T15:17:21.414395" elapsed="9.537645"/>
</suite>
<statistics>
<total>
<stat pass="1" fail="0" skip="0">All Tests</stat>
</total>
<tag>
</tag>
<suite>
<stat name="Home" id="s1" pass="1" fail="0" skip="0">Home</stat>
</suite>
</statistics>
<errors>
</errors>
</robot>
