<?xml version="1.0" encoding="UTF-8"?>
<robot generator="Robot 7.2 (Python 3.10.12 on linux)" generated="2025-01-18T15:27:40.898161" rpa="false" schemaversion="5">
<suite id="s1" name="Yodapp-Robot" source="/home/mario/QAx/projects/yodapp-robot">
<suite id="s1-s1" name="Tests" source="/home/mario/QAx/projects/yodapp-robot/tests">
<suite id="s1-s1-s1" name="Click" source="/home/mario/QAx/projects/yodapp-robot/tests/click.robot">
<test id="s1-s1-s1-t1" name="Deve realizar um click simples" line="7">
<kw name="Open Application" owner="AppiumLibrary">
<arg>http://localhost:4723</arg>
<arg>platformName=Android</arg>
<arg>deviceName=emulator-5554</arg>
<arg>automationName=UiAutomator2</arg>
<arg>app=app/yodapp-beta.apk</arg>
<arg>udid=emulator-5554</arg>
<arg>autoGrantPermissions=true</arg>
<doc>Opens a new application to given Appium server.
Capabilities of appium server, Android and iOS,
Please check https://appium.io/docs/en/2.1/cli/args/
| *Option*            | *Man.* | *Description*     |
| remote_url          | Yes    | Appium server url |
| alias               | no     | alias             |
| strict_ssl          | No     | allows you to send commands to an invalid certificate host like a self-signed one. |</doc>
<status status="PASS" start="2025-01-18T15:27:41.003960" elapsed="4.097127"/>
</kw>
<kw name="Wait Until Page Contains" owner="AppiumLibrary">
<arg>Yodapp</arg>
<doc>Waits until `text` appears on current page.</doc>
<status status="PASS" start="2025-01-18T15:27:45.101467" elapsed="5.361494"/>
</kw>
<kw name="Click Text" owner="AppiumLibrary">
<msg time="2025-01-18T15:27:50.636163" level="INFO">xpath criteria: //*[contains(@text,"QAX")]</msg>
<arg>QAX</arg>
<doc>Click text identified by ``text``.</doc>
<status status="PASS" start="2025-01-18T15:27:50.463227" elapsed="0.173330"/>
</kw>
<kw name="Sleep" owner="BuiltIn">
<msg time="2025-01-18T15:27:55.637511" level="INFO">Slept 5 seconds.</msg>
<arg>5</arg>
<doc>Pauses the test executed for the given time.</doc>
<status status="PASS" start="2025-01-18T15:27:50.637039" elapsed="5.000731"/>
</kw>
<kw name="Close Application" owner="AppiumLibrary">
<doc>Closes the current application and also close webdriver session.</doc>
<status status="PASS" start="2025-01-18T15:27:55.638225" elapsed="0.185942"/>
</kw>
<status status="PASS" start="2025-01-18T15:27:41.003194" elapsed="14.821357"/>
</test>
<status status="PASS" start="2025-01-18T15:27:40.950985" elapsed="14.874415"/>
</suite>
<status status="PASS" start="2025-01-18T15:27:40.949817" elapsed="14.876394"/>
</suite>
<status status="PASS" start="2025-01-18T15:27:40.935236" elapsed="14.891529"/>
</suite>
<statistics>
<total>
<stat pass="1" fail="0" skip="0">All Tests</stat>
</total>
<tag>
</tag>
<suite>
<stat name="Yodapp-Robot" id="s1" pass="1" fail="0" skip="0">Yodapp-Robot</stat>
<stat name="Tests" id="s1-s1" pass="1" fail="0" skip="0">Yodapp-Robot.Tests</stat>
<stat name="Click" id="s1-s1-s1" pass="1" fail="0" skip="0">Yodapp-Robot.Tests.Click</stat>
</suite>
</statistics>
<errors>
</errors>
</robot>
