<?xml version="1.0" encoding="UTF-8"?>
<robot generator="Robot 7.2 (Python 3.10.12 on linux)" generated="2025-01-19T14:59:11.435278" rpa="false" schemaversion="5">
<suite id="s1" name="Yodapp-Robot" source="/home/mario/QAx/projects/yodapp-robot">
<suite id="s1-s1" name="Tests" source="/home/mario/QAx/projects/yodapp-robot/tests">
<suite id="s1-s1-s1" name="Radio" source="/home/mario/QAx/projects/yodapp-robot/tests/radio.robot">
<test id="s1-s1-s1-t1" name="Deve selecionar a opção Javascript" line="7">
<kw name="Start Session" owner="base">
<kw name="Open Application" owner="AppiumLibrary">
<arg>http://localhost:4723</arg>
<arg>platformName=Android</arg>
<arg>deviceName=127.0.0.1:6555</arg>
<arg>automationName=UiAutomator2</arg>
<arg>app=app/yodapp-beta.apk</arg>
<arg>autoGrantPermissions=true</arg>
<doc>Opens a new application to given Appium server.
Capabilities of appium server, Android and iOS,
Please check https://appium.io/docs/en/2.1/cli/args/
| *Option*            | *Man.* | *Description*     |
| remote_url          | Yes    | Appium server url |
| alias               | no     | alias             |
| strict_ssl          | No     | allows you to send commands to an invalid certificate host like a self-signed one. |</doc>
<status status="PASS" start="2025-01-19T14:59:11.583844" elapsed="5.637680"/>
</kw>
<status status="PASS" start="2025-01-19T14:59:11.583227" elapsed="5.638693"/>
</kw>
<kw name="Get started" owner="base">
<kw name="Wait Until Page Contains" owner="AppiumLibrary">
<arg>${START}</arg>
<doc>Waits until `text` appears on current page.</doc>
<status status="PASS" start="2025-01-19T14:59:17.223200" elapsed="4.385334"/>
</kw>
<kw name="Click Text" owner="AppiumLibrary">
<msg time="2025-01-19T14:59:22.713996" level="INFO">xpath criteria: //*[contains(@text,"QAX")]</msg>
<arg>${START}</arg>
<doc>Click text identified by ``text``.</doc>
<status status="PASS" start="2025-01-19T14:59:21.608997" elapsed="1.105403"/>
</kw>
<status status="PASS" start="2025-01-19T14:59:17.222446" elapsed="5.492273"/>
</kw>
<kw name="Navigate to" owner="base">
<kw name="Set Variable" owner="BuiltIn">
<msg time="2025-01-19T14:59:22.716345" level="INFO">${hamburguer} = //android.widget.ImageButton[@content-desc="Open navigation drawer"]</msg>
<var>${hamburguer}</var>
<arg>//android.widget.ImageButton[@content-desc="Open navigation drawer"]</arg>
<doc>Returns the given values which can then be assigned to a variables.</doc>
<status status="PASS" start="2025-01-19T14:59:22.715798" elapsed="0.000725"/>
</kw>
<kw name="Wait Until Element Is Visible" owner="AppiumLibrary">
<msg time="2025-01-19T14:59:24.015331" level="INFO">xpath criteria: //android.widget.ImageButton[@content-desc="Open navigation drawer"]
xpath criteria: //android.widget.ImageButton[@content-desc="Open navigation drawer"]</msg>
<arg>${hamburguer}</arg>
<doc>Waits until element specified with `locator` is visible.</doc>
<status status="PASS" start="2025-01-19T14:59:22.716760" elapsed="1.298886"/>
</kw>
<kw name="Click Element" owner="AppiumLibrary">
<msg time="2025-01-19T14:59:24.017147" level="INFO">Clicking element '//android.widget.ImageButton[@content-desc="Open navigation drawer"]'.</msg>
<msg time="2025-01-19T14:59:24.113934" level="INFO">xpath criteria: //android.widget.ImageButton[@content-desc="Open navigation drawer"]</msg>
<arg>${hamburguer}</arg>
<doc>Click element identified by `locator`.</doc>
<status status="PASS" start="2025-01-19T14:59:24.015918" elapsed="0.098434"/>
</kw>
<kw name="Set Variable" owner="BuiltIn">
<msg time="2025-01-19T14:59:24.115727" level="INFO">${menu_item} = //*[@resource-id="com.qaxperience.yodapp:id/navView"]//*[@text="Check e Radio"]</msg>
<var>${menu_item}</var>
<arg>//*[@resource-id="com.qaxperience.yodapp:id/navView"]//*[@text="${item_text}"]</arg>
<doc>Returns the given values which can then be assigned to a variables.</doc>
<status status="PASS" start="2025-01-19T14:59:24.114798" elapsed="0.001170"/>
</kw>
<kw name="Wait Until Element Is Visible" owner="AppiumLibrary">
<msg time="2025-01-19T14:59:25.069402" level="INFO">xpath criteria: //*[@resource-id="com.qaxperience.yodapp:id/navView"]//*[@text="Check e Radio"]</msg>
<arg>${menu_item}</arg>
<doc>Waits until element specified with `locator` is visible.</doc>
<status status="PASS" start="2025-01-19T14:59:24.116366" elapsed="0.953329"/>
</kw>
<kw name="Click Element" owner="AppiumLibrary">
<msg time="2025-01-19T14:59:25.071094" level="INFO">Clicking element '//*[@resource-id="com.qaxperience.yodapp:id/navView"]//*[@text="Check e Radio"]'.</msg>
<msg time="2025-01-19T14:59:25.196952" level="INFO">xpath criteria: //*[@resource-id="com.qaxperience.yodapp:id/navView"]//*[@text="Check e Radio"]</msg>
<arg>${menu_item}</arg>
<doc>Click element identified by `locator`.</doc>
<status status="PASS" start="2025-01-19T14:59:25.069924" elapsed="0.127422"/>
</kw>
<arg>Check e Radio</arg>
<status status="PASS" start="2025-01-19T14:59:22.715152" elapsed="2.482588"/>
</kw>
<kw name="Go to item" owner="base">
<kw name="Wait Until Page Contains" owner="AppiumLibrary">
<arg>${item}</arg>
<doc>Waits until `text` appears on current page.</doc>
<status status="PASS" start="2025-01-19T14:59:25.199132" elapsed="0.954225"/>
</kw>
<kw name="Click Text" owner="AppiumLibrary">
<msg time="2025-01-19T14:59:26.247873" level="INFO">xpath criteria: //*[contains(@text,"Botões de radio")]</msg>
<arg>${item}</arg>
<doc>Click text identified by ``text``.</doc>
<status status="PASS" start="2025-01-19T14:59:26.153780" elapsed="0.094675"/>
</kw>
<kw name="Wait Until Page Contains" owner="AppiumLibrary">
<arg>${checkpoint}</arg>
<doc>Waits until `text` appears on current page.</doc>
<status status="PASS" start="2025-01-19T14:59:26.249171" elapsed="0.646144"/>
</kw>
<arg>Botões de radio</arg>
<arg>Escolha sua linguagem preferida</arg>
<status status="PASS" start="2025-01-19T14:59:25.198279" elapsed="1.697399"/>
</kw>
<kw name="Click Element" owner="AppiumLibrary">
<msg time="2025-01-19T14:59:26.897610" level="INFO">Clicking element 'xpath=//android.widget.RadioButton[contains(@text, "Javascript")]'.</msg>
<msg time="2025-01-19T14:59:27.866183" level="INFO">xpath criteria: //android.widget.RadioButton[contains(@text, "Javascript")]</msg>
<arg>xpath=//android.widget.RadioButton[contains(@text, "Javascript")]</arg>
<doc>Click element identified by `locator`.</doc>
<status status="PASS" start="2025-01-19T14:59:26.896022" elapsed="0.970546"/>
</kw>
<kw name="Sleep" owner="BuiltIn">
<msg time="2025-01-19T14:59:30.868122" level="INFO">Slept 3 seconds.</msg>
<arg>3</arg>
<doc>Pauses the test executed for the given time.</doc>
<status status="PASS" start="2025-01-19T14:59:27.867191" elapsed="3.001743"/>
</kw>
<kw name="Close Session" owner="base">
<kw name="Close Application" owner="AppiumLibrary">
<doc>Closes the current application and also close webdriver session.</doc>
<status status="PASS" start="2025-01-19T14:59:30.870856" elapsed="0.156497"/>
</kw>
<status status="PASS" start="2025-01-19T14:59:30.869844" elapsed="0.157963"/>
</kw>
<status status="PASS" start="2025-01-19T14:59:11.582278" elapsed="19.446123"/>
</test>
<status status="PASS" start="2025-01-19T14:59:11.462229" elapsed="19.567615"/>
</suite>
<status status="PASS" start="2025-01-19T14:59:11.460890" elapsed="19.570440"/>
</suite>
<status status="PASS" start="2025-01-19T14:59:11.438950" elapsed="19.594084"/>
</suite>
<statistics>
<total>
<stat pass="1" fail="0" skip="0">All Tests</stat>
</total>
<tag>
</tag>
<suite>
<stat name="Yodapp-Robot" id="s1" pass="1" fail="0" skip="0">Yodapp-Robot</stat>
<stat name="Tests" id="s1-s1" pass="1" fail="0" skip="0">Yodapp-Robot.Tests</stat>
<stat name="Radio" id="s1-s1-s1" pass="1" fail="0" skip="0">Yodapp-Robot.Tests.Radio</stat>
</suite>
</statistics>
<errors>
</errors>
</robot>
