<?xml version="1.0" encoding="UTF-8"?>
<robot generator="Robot 7.2 (Python 3.10.12 on linux)" generated="2025-01-18T18:48:17.651074" rpa="false" schemaversion="5">
<suite id="s1" name="Yodapp-Robot" source="/home/mario/QAx/projects/yodapp-robot">
<suite id="s1-s1" name="Tests" source="/home/mario/QAx/projects/yodapp-robot/tests">
<suite id="s1-s1-s1" name="Checkbox" source="/home/mario/QAx/projects/yodapp-robot/tests/checkbox.robot">
<test id="s1-s1-s1-t1" name="Deve marcar as techs que usam Appium" line="7">
<kw name="Start Session" owner="base">
<kw name="Open Application" owner="AppiumLibrary">
<arg>http://localhost:4723</arg>
<arg>platformName=Android</arg>
<arg>deviceName=emulator-5554</arg>
<arg>automationName=UiAutomator2</arg>
<arg>app=app/yodapp-beta.apk</arg>
<arg>udid=emulator-5554</arg>
<arg>autoGrantPermissions=true</arg>
<doc>Opens a new application to given Appium server.
Capabilities of appium server, Android and iOS,
Please check https://appium.io/docs/en/2.1/cli/args/
| *Option*            | *Man.* | *Description*     |
| remote_url          | Yes    | Appium server url |
| alias               | no     | alias             |
| strict_ssl          | No     | allows you to send commands to an invalid certificate host like a self-signed one. |</doc>
<status status="PASS" start="2025-01-18T18:48:17.722741" elapsed="5.182623"/>
</kw>
<status status="PASS" start="2025-01-18T18:48:17.722245" elapsed="5.183376"/>
</kw>
<kw name="Get started" owner="base">
<kw name="Wait Until Page Contains" owner="AppiumLibrary">
<arg>${START}</arg>
<doc>Waits until `text` appears on current page.</doc>
<status status="PASS" start="2025-01-18T18:48:22.906296" elapsed="5.361079"/>
</kw>
<kw name="Click Text" owner="AppiumLibrary">
<msg time="2025-01-18T18:48:28.529683" level="INFO">xpath criteria: //*[contains(@text,"QAX")]</msg>
<arg>${START}</arg>
<doc>Click text identified by ``text``.</doc>
<status status="PASS" start="2025-01-18T18:48:28.267600" elapsed="0.262339"/>
</kw>
<status status="PASS" start="2025-01-18T18:48:22.905907" elapsed="5.624228"/>
</kw>
<kw name="Navigate to" owner="base">
<kw name="Set Variable" owner="BuiltIn">
<msg time="2025-01-18T18:48:28.531566" level="INFO">${hamburguer} = //android.widget.ImageButton[@content-desc="Open navigation drawer"]</msg>
<var>${hamburguer}</var>
<arg>//android.widget.ImageButton[@content-desc="Open navigation drawer"]</arg>
<doc>Returns the given values which can then be assigned to a variables.</doc>
<status status="PASS" start="2025-01-18T18:48:28.531201" elapsed="0.000522"/>
</kw>
<kw name="Wait Until Element Is Visible" owner="AppiumLibrary">
<msg time="2025-01-18T18:48:29.647408" level="INFO">xpath criteria: //android.widget.ImageButton[@content-desc="Open navigation drawer"]
xpath criteria: //android.widget.ImageButton[@content-desc="Open navigation drawer"]</msg>
<arg>${hamburguer}</arg>
<doc>Waits until element specified with `locator` is visible.</doc>
<status status="PASS" start="2025-01-18T18:48:28.531876" elapsed="1.115752"/>
</kw>
<kw name="Click Element" owner="AppiumLibrary">
<msg time="2025-01-18T18:48:29.649007" level="INFO">Clicking element '//android.widget.ImageButton[@content-desc="Open navigation drawer"]'.</msg>
<msg time="2025-01-18T18:48:29.716614" level="INFO">xpath criteria: //android.widget.ImageButton[@content-desc="Open navigation drawer"]</msg>
<arg>${hamburguer}</arg>
<doc>Click element identified by `locator`.</doc>
<status status="PASS" start="2025-01-18T18:48:29.647865" elapsed="0.068998"/>
</kw>
<kw name="Set Variable" owner="BuiltIn">
<msg time="2025-01-18T18:48:29.717831" level="INFO">${menu_item} = //*[@resource-id="com.qaxperience.yodapp:id/navView"]//*[@text="Check e Radio"]</msg>
<var>${menu_item}</var>
<arg>//*[@resource-id="com.qaxperience.yodapp:id/navView"]//*[@text="${item_text}"]</arg>
<doc>Returns the given values which can then be assigned to a variables.</doc>
<status status="PASS" start="2025-01-18T18:48:29.717122" elapsed="0.000843"/>
</kw>
<kw name="Wait Until Element Is Visible" owner="AppiumLibrary">
<msg time="2025-01-18T18:48:30.649539" level="INFO">xpath criteria: //*[@resource-id="com.qaxperience.yodapp:id/navView"]//*[@text="Check e Radio"]</msg>
<arg>${menu_item}</arg>
<doc>Waits until element specified with `locator` is visible.</doc>
<status status="PASS" start="2025-01-18T18:48:29.718182" elapsed="0.931584"/>
</kw>
<kw name="Click Element" owner="AppiumLibrary">
<msg time="2025-01-18T18:48:30.651335" level="INFO">Clicking element '//*[@resource-id="com.qaxperience.yodapp:id/navView"]//*[@text="Check e Radio"]'.</msg>
<msg time="2025-01-18T18:48:30.728498" level="INFO">xpath criteria: //*[@resource-id="com.qaxperience.yodapp:id/navView"]//*[@text="Check e Radio"]</msg>
<arg>${menu_item}</arg>
<doc>Click element identified by `locator`.</doc>
<status status="PASS" start="2025-01-18T18:48:30.649998" elapsed="0.078705"/>
</kw>
<arg>Check e Radio</arg>
<status status="PASS" start="2025-01-18T18:48:28.530671" elapsed="2.198195"/>
</kw>
<kw name="Go to item" owner="base">
<kw name="Wait Until Page Contains" owner="AppiumLibrary">
<arg>${item}</arg>
<doc>Waits until `text` appears on current page.</doc>
<status status="PASS" start="2025-01-18T18:48:30.729620" elapsed="0.962929"/>
</kw>
<kw name="Click Text" owner="AppiumLibrary">
<msg time="2025-01-18T18:48:31.768155" level="INFO">xpath criteria: //*[contains(@text,"Checkbox")]</msg>
<arg>${item}</arg>
<doc>Click text identified by ``text``.</doc>
<status status="PASS" start="2025-01-18T18:48:31.692769" elapsed="0.075877"/>
</kw>
<kw name="Wait Until Page Contains" owner="AppiumLibrary">
<arg>${checkpoint}</arg>
<doc>Waits until `text` appears on current page.</doc>
<status status="PASS" start="2025-01-18T18:48:31.769263" elapsed="1.201190"/>
</kw>
<arg>Checkbox</arg>
<arg>Marque as techs que usam Appium</arg>
<status status="PASS" start="2025-01-18T18:48:30.729169" elapsed="2.241505"/>
</kw>
<kw name="Click Element" owner="AppiumLibrary">
<msg time="2025-01-18T18:48:32.971961" level="INFO">Clicking element 'xpath=//android.widget.CheckBox[contains(@text, "Ruby")]'.</msg>
<msg time="2025-01-18T18:48:33.046974" level="INFO">xpath criteria: //android.widget.CheckBox[contains(@text, "Ruby")]</msg>
<arg>xpath=//android.widget.CheckBox[contains(@text, "Ruby")]</arg>
<doc>Click element identified by `locator`.</doc>
<status status="PASS" start="2025-01-18T18:48:32.970904" elapsed="0.076520"/>
</kw>
<kw name="Close Session" owner="base">
<kw name="Close Application" owner="AppiumLibrary">
<doc>Closes the current application and also close webdriver session.</doc>
<status status="PASS" start="2025-01-18T18:48:33.048911" elapsed="0.195087"/>
</kw>
<status status="PASS" start="2025-01-18T18:48:33.048333" elapsed="0.195870"/>
</kw>
<status status="PASS" start="2025-01-18T18:48:17.721564" elapsed="15.522878"/>
</test>
<status status="PASS" start="2025-01-18T18:48:17.666467" elapsed="15.578857"/>
</suite>
<status status="PASS" start="2025-01-18T18:48:17.665413" elapsed="15.581097"/>
</suite>
<status status="PASS" start="2025-01-18T18:48:17.653124" elapsed="15.593981"/>
</suite>
<statistics>
<total>
<stat pass="1" fail="0" skip="0">All Tests</stat>
</total>
<tag>
</tag>
<suite>
<stat name="Yodapp-Robot" id="s1" pass="1" fail="0" skip="0">Yodapp-Robot</stat>
<stat name="Tests" id="s1-s1" pass="1" fail="0" skip="0">Yodapp-Robot.Tests</stat>
<stat name="Checkbox" id="s1-s1-s1" pass="1" fail="0" skip="0">Yodapp-Robot.Tests.Checkbox</stat>
</suite>
</statistics>
<errors>
</errors>
</robot>
